<?xml version="1.0" encoding="UTF-8"?>
<testsuite name="TestWorttrainerModel" tests="1" skipped="0" failures="0" errors="0" timestamp="2024-10-02T15:07:39" hostname="LAPTOP-0KEN8UFH" time="0.073">
  <properties/>
  <testcase name="U02 - Testen, ob die Pretty Print Ausgabe mittels Gson der Map funktioniert" classname="TestWorttrainerModel" time="0.073"/>
  <system-out><![CDATA[]]></system-out>
  <system-err><![CDATA[]]></system-err>
</testsuite>
