<?xml version="1.0" encoding="UTF-8"?>
<testsuite name="TestWorttrainerModel" tests="9" skipped="0" failures="0" errors="0" timestamp="2024-10-11T08:54:58" hostname="LAPTOP-0KEN8UFH" time="0.105">
  <properties/>
  <testcase name="U04 - Testen, ob der getter der WortListe auch einwandfrei funktioniert" classname="TestWorttrainerModel" time="0.024"/>
  <testcase name="U03 - Testen, ob das Adden von neuen Einträgen auch funktioniert wie gewollt" classname="TestWorttrainerModel" time="0.048"/>
  <testcase name="U08 - Testen, ob die Methode getWortEintrag zum Holen einzelner Einträge auch funktioniert" classname="TestWorttrainerModel" time="0.003"/>
  <testcase name="U05 - Testen, ob der setter der WortListe auch einwandfrei funktioniert" classname="TestWorttrainerModel" time="0.002"/>
  <testcase name="U02 - Testen, ob die Pretty Print Ausgabe mittels Gson der Map funktioniert" classname="TestWorttrainerModel" time="0.002"/>
  <testcase name="U06 - Testen, ob die korrekte Länge zurückgegeben werden kann bei Bedarf" classname="TestWorttrainerModel" time="0.003"/>
  <testcase name="U09 - Testen, ob auch das adden von neuen Einträgen möglich ist, wenn dieser schon vorhanden ist" classname="TestWorttrainerModel" time="0.004"/>
  <testcase name="U01 - Eine WortListe welche aus invaliden Zeichen besteht wirft eine Exception" classname="TestWorttrainerModel" time="0.002"/>
  <testcase name="U07 - Testen, ob die korrekte Länge zurückgegeben werden kann bei Bedarf" classname="TestWorttrainerModel" time="0.001"/>
  <system-out><![CDATA[]]></system-out>
  <system-err><![CDATA[]]></system-err>
</testsuite>
